<?xml version="1.0" encoding="UTF-8"?>
<!-- Generated by org.testng.reporters.JUnitReportReporter -->
<testsuite hostname="DESKTOP-7INTED2" failures="0" tests="1" name="Tests.allTESTSlevel" time="29.784" errors="0" timestamp="2024-10-27T10:58:54 IST" skipped="0">
  <testcase classname="Tests.allTESTSlevel" name="Login" time="29.784"/>
</testsuite> <!-- Tests.allTESTSlevel -->
